[debug] [2023-09-24T16:01:07.561Z] ----------------------------------------------------------------------
[debug] [2023-09-24T16:01:07.563Z] Command:       /usr/local/bin/firebase /Users/arjunsundaram/.cache/firebase/tools/lib/node_modules/firebase-tools/lib/bin/firebase projects:list
[debug] [2023-09-24T16:01:07.563Z] CLI Version:   11.14.4
[debug] [2023-09-24T16:01:07.563Z] Platform:      darwin
[debug] [2023-09-24T16:01:07.563Z] Node Version:  v16.16.0
[debug] [2023-09-24T16:01:07.564Z] Time:          Sun Sep 24 2023 12:01:07 GMT-0400 (Eastern Daylight Time)
[debug] [2023-09-24T16:01:07.565Z] ----------------------------------------------------------------------
[debug] 
[debug] [2023-09-24T16:01:07.567Z] >>> [apiv2][query] GET https://firebase-public.firebaseio.com/cli.json [none]
[debug] [2023-09-24T16:01:07.586Z] > command requires scopes: ["email","openid","https://www.googleapis.com/auth/cloudplatformprojects.readonly","https://www.googleapis.com/auth/firebase","https://www.googleapis.com/auth/cloud-platform"]
[debug] [2023-09-24T16:01:07.588Z] > authorizing via signed-in user (arjun.sundaram99@gmail.com)
[debug] [2023-09-24T16:01:07.591Z] > refreshing access token with scopes: []
[debug] [2023-09-24T16:01:07.592Z] >>> [apiv2][query] POST https://www.googleapis.com/oauth2/v3/token [none]
[debug] [2023-09-24T16:01:07.592Z] >>> [apiv2][body] POST https://www.googleapis.com/oauth2/v3/token [omitted]
[debug] [2023-09-24T16:01:07.701Z] <<< [apiv2][status] GET https://firebase-public.firebaseio.com/cli.json 200
[debug] [2023-09-24T16:01:07.701Z] <<< [apiv2][body] GET https://firebase-public.firebaseio.com/cli.json {"cloudBuildErrorAfter":1594252800000,"cloudBuildWarnAfter":1590019200000,"defaultNode10After":1594252800000,"minVersion":"3.0.5","node8DeploysDisabledAfter":1613390400000,"node8RuntimeDisabledAfter":1615809600000,"node8WarnAfter":1600128000000}
[debug] [2023-09-24T16:01:07.890Z] <<< [apiv2][status] POST https://www.googleapis.com/oauth2/v3/token 400
[debug] [2023-09-24T16:01:07.891Z] <<< [apiv2][body] POST https://www.googleapis.com/oauth2/v3/token [omitted]
[debug] [2023-09-24T16:01:07.892Z] >>> [apiv2][query] GET https://firebase.googleapis.com/v1beta1/projects pageSize=1000
[debug] [2023-09-24T16:01:08.112Z] <<< [apiv2][status] GET https://firebase.googleapis.com/v1beta1/projects 401
[debug] [2023-09-24T16:01:08.113Z] <<< [apiv2][body] GET https://firebase.googleapis.com/v1beta1/projects [omitted]
[debug] [2023-09-24T16:01:08.114Z] HTTP Error: 401, Request had invalid authentication credentials. Expected OAuth 2 access token, login cookie or other valid authentication credential. See https://developers.google.com/identity/sign-in/web/devconsole-project.
[debug] [2023-09-24T16:01:08.171Z] FirebaseError: HTTP Error: 401, Request had invalid authentication credentials. Expected OAuth 2 access token, login cookie or other valid authentication credential. See https://developers.google.com/identity/sign-in/web/devconsole-project.
    at responseToError (/Users/arjunsundaram/.cache/firebase/tools/lib/node_modules/firebase-tools/lib/responseToError.js:49:12)
    at RetryOperation._fn (/Users/arjunsundaram/.cache/firebase/tools/lib/node_modules/firebase-tools/lib/apiv2.js:288:77)
    at processTicksAndRejections (node:internal/process/task_queues:96:5)
[error] 
[error] Error: Failed to list Firebase projects. See firebase-debug.log for more info.
[debug] [2023-09-24T16:01:23.904Z] ----------------------------------------------------------------------
[debug] [2023-09-24T16:01:23.906Z] Command:       /usr/local/bin/firebase /Users/arjunsundaram/.cache/firebase/tools/lib/node_modules/firebase-tools/lib/bin/firebase projects:list
[debug] [2023-09-24T16:01:23.906Z] CLI Version:   11.14.4
[debug] [2023-09-24T16:01:23.906Z] Platform:      darwin
[debug] [2023-09-24T16:01:23.906Z] Node Version:  v16.16.0
[debug] [2023-09-24T16:01:23.907Z] Time:          Sun Sep 24 2023 12:01:23 GMT-0400 (Eastern Daylight Time)
[debug] [2023-09-24T16:01:23.908Z] ----------------------------------------------------------------------
[debug] 
[debug] [2023-09-24T16:01:23.914Z] > command requires scopes: ["email","openid","https://www.googleapis.com/auth/cloudplatformprojects.readonly","https://www.googleapis.com/auth/firebase","https://www.googleapis.com/auth/cloud-platform"]
[debug] [2023-09-24T16:01:23.915Z] > authorizing via signed-in user (arjun.sundaram99@gmail.com)
[debug] [2023-09-24T16:01:23.919Z] > refreshing access token with scopes: []
[debug] [2023-09-24T16:01:23.920Z] >>> [apiv2][query] POST https://www.googleapis.com/oauth2/v3/token [none]
[debug] [2023-09-24T16:01:23.920Z] >>> [apiv2][body] POST https://www.googleapis.com/oauth2/v3/token [omitted]
[debug] [2023-09-24T16:01:24.074Z] <<< [apiv2][status] POST https://www.googleapis.com/oauth2/v3/token 400
[debug] [2023-09-24T16:01:24.074Z] <<< [apiv2][body] POST https://www.googleapis.com/oauth2/v3/token [omitted]
[debug] [2023-09-24T16:01:24.075Z] >>> [apiv2][query] GET https://firebase.googleapis.com/v1beta1/projects pageSize=1000
[debug] [2023-09-24T16:01:24.221Z] <<< [apiv2][status] GET https://firebase.googleapis.com/v1beta1/projects 401
[debug] [2023-09-24T16:01:24.221Z] <<< [apiv2][body] GET https://firebase.googleapis.com/v1beta1/projects [omitted]
[debug] [2023-09-24T16:01:24.222Z] HTTP Error: 401, Request had invalid authentication credentials. Expected OAuth 2 access token, login cookie or other valid authentication credential. See https://developers.google.com/identity/sign-in/web/devconsole-project.
[debug] [2023-09-24T16:01:24.292Z] FirebaseError: HTTP Error: 401, Request had invalid authentication credentials. Expected OAuth 2 access token, login cookie or other valid authentication credential. See https://developers.google.com/identity/sign-in/web/devconsole-project.
    at responseToError (/Users/arjunsundaram/.cache/firebase/tools/lib/node_modules/firebase-tools/lib/responseToError.js:49:12)
    at RetryOperation._fn (/Users/arjunsundaram/.cache/firebase/tools/lib/node_modules/firebase-tools/lib/apiv2.js:288:77)
    at processTicksAndRejections (node:internal/process/task_queues:96:5)
[error] 
[error] Error: Failed to list Firebase projects. See firebase-debug.log for more info.
